# JRE version: Java(TM) SE Runtime Environment (8.0_45-b15) (build 1.8.0_45-b15)
# Java VM: Java HotSpot(TM) 64-Bit Server VM (25.45-b02 mixed mode windows-amd64 compressed oops)
Heap:
 PSYoungGen      total 201216K, used 124928K [0x00000000eab00000, 0x00000000fc400000, 0x0000000100000000)
  eden space 124928K, 100% used [0x00000000eab00000,0x00000000f2500000,0x00000000f2500000)
  from space 76288K, 0% used [0x00000000f2500000,0x00000000f2500000,0x00000000f6f80000)
  to   space 62976K, 0% used [0x00000000f6f80000,0x00000000f6f80000,0x00000000fad00000)
 ParOldGen       total 110080K, used 110056K [0x00000000c0000000, 0x00000000c6b80000, 0x00000000eab00000)
  object space 110080K, 99% used [0x00000000c0000000,0x00000000c6b7a2c8,0x00000000c6b80000)
 Metaspace       used 5948K, capacity 7152K, committed 7296K, reserved 1056768K
  class space    used 552K, capacity 616K, committed 640K, reserved 1048576K
GC Heap History (10 events):
Event: 25.872 GC heap before
{Heap before GC invocations=11 (full 3):
 PSYoungGen      total 143360K, used 47083K [0x00000000eab00000, 0x00000000fb100000, 0x0000000100000000)
  eden space 96256K, 0% used [0x00000000eab00000,0x00000000eab00000,0x00000000f0900000)
  from space 47104K, 99% used [0x00000000f8300000,0x00000000fb0fac60,0x00000000fb100000)
  to   space 39424K, 0% used [0x00000000f0900000,0x00000000f0900000,0x00000000f2f80000)
 ParOldGen       total 95744K, used 74518K [0x00000000c0000000, 0x00000000c5d80000, 0x00000000eab00000)
  object space 95744K, 77% used [0x00000000c0000000,0x00000000c48c5a08,0x00000000c5d80000)
 Metaspace       used 5707K, capacity 6960K, committed 7040K, reserved 1056768K
  class space    used 550K, capacity 616K, committed 640K, reserved 1048576K
Event: 26.147 GC heap after
Heap after GC invocations=11 (full 3):
 PSYoungGen      total 143360K, used 0K [0x00000000eab00000, 0x00000000fb100000, 0x0000000100000000)
  eden space 96256K, 0% used [0x00000000eab00000,0x00000000eab00000,0x00000000f0900000)
  from space 47104K, 0% used [0x00000000f8300000,0x00000000f8300000,0x00000000fb100000)
  to   space 39424K, 0% used [0x00000000f0900000,0x00000000f0900000,0x00000000f2f80000)
 ParOldGen       total 95744K, used 41953K [0x00000000c0000000, 0x00000000c5d80000, 0x00000000eab00000)
  object space 95744K, 43% used [0x00000000c0000000,0x00000000c28f86a0,0x00000000c5d80000)
 Metaspace       used 5707K, capacity 6960K, committed 7040K, reserved 1056768K
  class space    used 550K, capacity 616K, committed 640K, reserved 1048576K
}
Event: 26.669 GC heap before
{Heap before GC invocations=12 (full 3):
 PSYoungGen      total 143360K, used 96256K [0x00000000eab00000, 0x00000000fb100000, 0x0000000100000000)
  eden space 96256K, 100% used [0x00000000eab00000,0x00000000f0900000,0x00000000f0900000)
  from space 47104K, 0% used [0x00000000f8300000,0x00000000f8300000,0x00000000fb100000)
  to   space 39424K, 0% used [0x00000000f0900000,0x00000000f0900000,0x00000000f2f80000)
 ParOldGen       total 95744K, used 41953K [0x00000000c0000000, 0x00000000c5d80000, 0x00000000eab00000)
  object space 95744K, 43% used [0x00000000c0000000,0x00000000c28f86a0,0x00000000c5d80000)
 Metaspace       used 5708K, capacity 6960K, committed 7040K, reserved 1056768K
  class space    used 550K, capacity 616K, committed 640K, reserved 1048576K
Event: 26.690 GC heap after
Heap after GC invocations=12 (full 3):
 PSYoungGen      total 135680K, used 31373K [0x00000000eab00000, 0x00000000fad00000, 0x0000000100000000)
  eden space 96256K, 0% used [0x00000000eab00000,0x00000000eab00000,0x00000000f0900000)
  from space 39424K, 79% used [0x00000000f0900000,0x00000000f27a3598,0x00000000f2f80000)
  to   space 62976K, 0% used [0x00000000f6f80000,0x00000000f6f80000,0x00000000fad00000)
 ParOldGen       total 95744K, used 41953K [0x00000000c0000000, 0x00000000c5d80000, 0x00000000eab00000)
  object space 95744K, 43% used [0x00000000c0000000,0x00000000c28f86a0,0x00000000c5d80000)
 Metaspace       used 5708K, capacity 6960K, committed 7040K, reserved 1056768K
  class space    used 550K, capacity 616K, committed 640K, reserved 1048576K
}
Event: 33.177 GC heap before
{Heap before GC invocations=13 (full 3):
 PSYoungGen      total 135680K, used 127629K [0x00000000eab00000, 0x00000000fad00000, 0x0000000100000000)
  eden space 96256K, 100% used [0x00000000eab00000,0x00000000f0900000,0x00000000f0900000)
  from space 39424K, 79% used [0x00000000f0900000,0x00000000f27a3598,0x00000000f2f80000)
  to   space 62976K, 0% used [0x00000000f6f80000,0x00000000f6f80000,0x00000000fad00000)
 ParOldGen       total 95744K, used 41953K [0x00000000c0000000, 0x00000000c5d80000, 0x00000000eab00000)
  object space 95744K, 43% used [0x00000000c0000000,0x00000000c28f86a0,0x00000000c5d80000)
 Metaspace       used 5838K, capacity 7088K, committed 7296K, reserved 1056768K
  class space    used 551K, capacity 616K, committed 640K, reserved 1048576K
Event: 33.235 GC heap after
Heap after GC invocations=13 (full 3):
 PSYoungGen      total 187904K, used 62958K [0x00000000eab00000, 0x00000000fc400000, 0x0000000100000000)
  eden space 124928K, 0% used [0x00000000eab00000,0x00000000eab00000,0x00000000f2500000)
  from space 62976K, 99% used [0x00000000f6f80000,0x00000000facfb810,0x00000000fad00000)
  to   space 76288K, 0% used [0x00000000f2500000,0x00000000f2500000,0x00000000f6f80000)
 ParOldGen       total 95744K, used 51426K [0x00000000c0000000, 0x00000000c5d80000, 0x00000000eab00000)
  object space 95744K, 53% used [0x00000000c0000000,0x00000000c3238850,0x00000000c5d80000)
 Metaspace       used 5838K, capacity 7088K, committed 7296K, reserved 1056768K
  class space    used 551K, capacity 616K, committed 640K, reserved 1048576K
}
Event: 35.437 GC heap before
{Heap before GC invocations=14 (full 3):
 PSYoungGen      total 187904K, used 187886K [0x00000000eab00000, 0x00000000fc400000, 0x0000000100000000)
  eden space 124928K, 100% used [0x00000000eab00000,0x00000000f2500000,0x00000000f2500000)
  from space 62976K, 99% used [0x00000000f6f80000,0x00000000facfb810,0x00000000fad00000)
  to   space 76288K, 0% used [0x00000000f2500000,0x00000000f2500000,0x00000000f6f80000)
 ParOldGen       total 95744K, used 51426K [0x00000000c0000000, 0x00000000c5d80000, 0x00000000eab00000)
  object space 95744K, 53% used [0x00000000c0000000,0x00000000c3238850,0x00000000c5d80000)
 Metaspace       used 5852K, capacity 7088K, committed 7296K, reserved 1056768K
  class space    used 551K, capacity 616K, committed 640K, reserved 1048576K
Event: 35.761 GC heap after
Heap after GC invocations=14 (full 3):
 PSYoungGen      total 187904K, used 187886K [0x00000000eab00000, 0x00000000fc400000, 0x0000000100000000)
  eden space 124928K, 100% used [0x00000000eab00000,0x00000000f2500000,0x00000000f2500000)
  from space 62976K, 99% used [0x00000000f6f80000,0x00000000facfb810,0x00000000fad00000)
  to   space 76288K, 63% used [0x00000000f2500000,0x00000000f5463810,0x00000000f6f80000)
 ParOldGen       total 108544K, used 108536K [0x00000000c0000000, 0x00000000c6a00000, 0x00000000eab00000)
  object space 108544K, 99% used [0x00000000c0000000,0x00000000c69fe2c8,0x00000000c6a00000)
 Metaspace       used 5852K, capacity 7088K, committed 7296K, reserved 1056768K
  class space    used 551K, capacity 616K, committed 640K, reserved 1048576K
}
Event: 35.762 GC heap before
{Heap before GC invocations=15 (full 4):
 PSYoungGen      total 187904K, used 187886K [0x00000000eab00000, 0x00000000fc400000, 0x0000000100000000)
  eden space 124928K, 100% used [0x00000000eab00000,0x00000000f2500000,0x00000000f2500000)
  from space 62976K, 99% used [0x00000000f6f80000,0x00000000facfb810,0x00000000fad00000)
  to   space 76288K, 63% used [0x00000000f2500000,0x00000000f5463810,0x00000000f6f80000)
 ParOldGen       total 108544K, used 108536K [0x00000000c0000000, 0x00000000c6a00000, 0x00000000eab00000)
  object space 108544K, 99% used [0x00000000c0000000,0x00000000c69fe2c8,0x00000000c6a00000)
 Metaspace       used 5852K, capacity 7088K, committed 7296K, reserved 1056768K
  class space    used 551K, capacity 616K, committed 640K, reserved 1048576K
Event: 36.006 GC heap after
Heap after GC invocations=15 (full 4):
 PSYoungGen      total 187904K, used 0K [0x00000000eab00000, 0x00000000fc400000, 0x0000000100000000)
  eden space 124928K, 0% used [0x00000000eab00000,0x00000000eab00000,0x00000000f2500000)
  from space 62976K, 0% used [0x00000000f6f80000,0x00000000f6f80000,0x00000000fad00000)
  to   space 76288K, 0% used [0x00000000f2500000,0x00000000f2500000,0x00000000f6f80000)
 ParOldGen       total 108544K, used 82069K [0x00000000c0000000, 0x00000000c6a00000, 0x00000000eab00000)
  object space 108544K, 75% used [0x00000000c0000000,0x00000000c50256a8,0x00000000c6a00000)
 Metaspace       used 5852K, capacity 7088K, committed 7296K, reserved 1056768K
  class space    used 551K, capacity 616K, committed 640K, reserved 1048576K
}

